2026-02-19 09:18:39,502 - [ip-changer] Cycle start
2026-02-19 09:18:39,526 - [ip-changer] Phrase -> probably_working
2026-02-19 09:18:39,530 - [ip-changer] Interface -> wlx54077d9bb62b
2026-02-19 09:18:39,614 - [ip-changer] Hostname -> probably_working
2026-02-19 09:18:39,635 - [ip-changer] MAC -> rotating
2026-02-19 09:18:39,796 - [ip-changer] IP -> dhclient refresh (forcing IPv4)
2026-02-19 09:18:43,570 - [ip-changer] Cycle complete
2026-02-19 09:21:43,574 - [ip-changer] Cycle start
2026-02-19 09:21:43,578 - [ip-changer] Phrase -> cpu_is_crying
2026-02-19 09:21:43,583 - [ip-changer] Interface -> wlx54077d9bb62b
2026-02-19 09:21:43,661 - [ip-changer] Hostname -> cpu_is_crying
2026-02-19 09:21:43,688 - [ip-changer] MAC -> rotating
2026-02-19 09:21:43,847 - [ip-changer] IP -> dhclient refresh (forcing IPv4)
2026-02-19 09:21:47,814 - [ip-changer] Cycle complete
2026-02-19 09:24:47,817 - [ip-changer] Cycle start
2026-02-19 09:24:47,841 - [ip-changer] Phrase -> missing_configuration
2026-02-19 09:24:47,845 - [ip-changer] Interface -> wlx54077d9bb62b
2026-02-19 09:24:47,932 - [ip-changer] Hostname -> missing_configuration
2026-02-19 09:24:47,951 - [ip-changer] MAC -> rotating
2026-02-19 09:24:48,131 - [ip-changer] IP -> dhclient refresh (forcing IPv4)
2026-02-19 09:24:52,560 - [ip-changer] Cycle complete
2026-02-19 09:27:52,577 - [ip-changer] Cycle start
2026-02-19 09:27:52,625 - [ip-changer] Phrase -> overclocked_anxiety
2026-02-19 09:27:52,629 - [ip-changer] Interface -> wlx54077d9bb62b
2026-02-19 09:27:52,713 - [ip-changer] Hostname -> overclocked_anxiety
2026-02-19 09:27:52,735 - [ip-changer] MAC -> rotating
2026-02-19 09:27:52,890 - [ip-changer] IP -> dhclient refresh (forcing IPv4)
2026-02-19 09:27:57,747 - [ip-changer] Cycle complete
2026-02-19 09:30:57,764 - [ip-changer] Cycle start
2026-02-19 09:30:57,812 - [ip-changer] Phrase -> never_ending_buffer
2026-02-19 09:30:57,816 - [ip-changer] Interface -> wlx54077d9bb62b
2026-02-19 09:30:57,905 - [ip-changer] Hostname -> never_ending_buffer
2026-02-19 09:30:57,921 - [ip-changer] MAC -> rotating
2026-02-19 09:30:58,094 - [ip-changer] IP -> dhclient refresh (forcing IPv4)
2026-02-19 09:31:02,587 - [ip-changer] Cycle complete
2026-02-19 09:34:25,898 - [ip-changer] Cycle start
2026-02-19 09:34:25,920 - [ip-changer] Phrase -> try_a_different_one
2026-02-19 09:34:25,923 - [ip-changer] Interface -> wlx54077d9bb62b
2026-02-19 09:34:26,001 - [ip-changer] Hostname -> try_a_different_one
2026-02-19 09:34:26,029 - [ip-changer] MAC -> rotating
2026-02-19 09:34:26,199 - [ip-changer] Setting IP to 1.1.1.1
2026-02-19 09:34:26,254 - [ip-changer] IP set to: 1.1.1.1
2026-02-19 09:34:26,256 - [ip-changer] Cycle complete
2026-02-19 09:37:26,259 - [ip-changer] Cycle start
2026-02-19 09:37:26,263 - [ip-changer] Phrase -> perfectly_insecure
2026-02-19 09:37:26,268 - [ip-changer] Interface -> wlx54077d9bb62b
2026-02-19 09:37:26,350 - [ip-changer] Hostname -> perfectly_insecure
2026-02-19 09:37:26,375 - [ip-changer] MAC -> rotating
2026-02-19 09:37:26,567 - [ip-changer] Setting IP to 6.6.6.6
2026-02-19 09:37:26,599 - [ip-changer] IP set to: 6.6.6.6
2026-02-19 09:37:26,602 - [ip-changer] Cycle complete
2026-02-19 09:40:26,605 - [ip-changer] Cycle start
2026-02-19 09:40:26,647 - [ip-changer] Phrase -> nonexistent_target
2026-02-19 09:40:26,652 - [ip-changer] Interface -> wlx54077d9bb62b
2026-02-19 09:40:26,736 - [ip-changer] Hostname -> nonexistent_target
2026-02-19 09:40:26,758 - [ip-changer] MAC -> rotating
2026-02-19 09:40:26,913 - [ip-changer] Setting IP to 6.6.6.6
2026-02-19 09:40:26,973 - [ip-changer] IP set to: 6.6.6.6
2026-02-19 09:40:26,976 - [ip-changer] Cycle complete
2026-02-19 09:46:41,739 - [ip-changer] Cycle start
2026-02-19 09:46:41,762 - [ip-changer] Phrase -> disconnected_at_the_edge
2026-02-19 09:46:41,765 - [ip-changer] Interface -> wlx54077d9bb62b
2026-02-19 09:46:41,843 - [ip-changer] Hostname -> disconnected_at_the_edge
2026-02-19 09:46:41,871 - [ip-changer] MAC -> rotating
2026-02-19 09:46:42,055 - [ip-changer] Setting IP to 1.1.1.1
2026-02-19 09:46:42,094 - [ip-changer] IP set to: 1.1.1.1
2026-02-19 09:46:42,096 - [ip-changer] Cycle complete
2026-02-19 09:50:31,974 - [ip-changer] Cycle start
2026-02-19 09:50:31,979 - [ip-changer] Phrase -> wifi_gremlin
2026-02-19 09:50:31,983 - [ip-changer] Interface -> wlx54077d9bb62b
2026-02-19 09:50:32,065 - [ip-changer] Hostname -> wifi_gremlin
2026-02-19 09:50:32,090 - [ip-changer] MAC -> rotating
2026-02-19 09:50:32,295 - [ip-changer] IP -> dhclient refresh (forcing IPv4)
2026-02-19 09:50:37,044 - [ip-changer] Cycle complete
2026-02-19 09:53:50,252 - [ip-changer] Cycle start
2026-02-19 09:53:50,274 - [ip-changer] Phrase -> only_signal_left
2026-02-19 09:53:50,277 - [ip-changer] Interface -> wlx54077d9bb62b
2026-02-19 09:53:50,362 - [ip-changer] Hostname -> only_signal_left
2026-02-19 09:53:50,382 - [ip-changer] MAC -> rotating
2026-02-19 09:53:50,564 - [ip-changer] IP -> dhclient refresh (forcing IPv4)
2026-02-19 09:53:55,062 - [ip-changer] Cycle complete
2026-02-19 09:54:34,642 - [ip-changer] Cycle start
2026-02-19 09:54:34,646 - [ip-changer] Phrase -> overclocked_anxiety
2026-02-19 09:54:34,650 - [ip-changer] Interface -> wlx54077d9bb62b
2026-02-19 09:54:34,737 - [ip-changer] Hostname -> overclocked_anxiety
2026-02-19 09:54:34,756 - [ip-changer] MAC -> rotating
2026-02-19 09:54:34,902 - [ip-changer] Setting IP to 6.6.6.6
2026-02-19 09:54:34,923 - [ip-changer] IP set to: 6.6.6.6
2026-02-19 09:54:34,926 - [ip-changer] Cycle complete
2026-02-19 09:57:34,928 - [ip-changer] Cycle start
2026-02-19 09:57:34,951 - [ip-changer] Phrase -> not_a_virtual_assistant
2026-02-19 09:57:34,956 - [ip-changer] Interface -> wlx54077d9bb62b
2026-02-19 09:57:35,037 - [ip-changer] Hostname -> not_a_virtual_assistant
2026-02-19 09:57:35,062 - [ip-changer] MAC -> rotating
2026-02-19 09:57:35,237 - [ip-changer] Setting IP to 6.6.6.6
2026-02-19 09:57:35,286 - [ip-changer] IP set to: 6.6.6.6
2026-02-19 09:57:35,289 - [ip-changer] Cycle complete
2026-02-19 10:00:35,291 - [ip-changer] Cycle start
2026-02-19 10:00:35,329 - [ip-changer] Phrase -> packet_whisperer
2026-02-19 10:00:35,333 - [ip-changer] Interface -> wlx54077d9bb62b
2026-02-19 10:00:35,419 - [ip-changer] Hostname -> packet_whisperer
2026-02-19 10:00:35,440 - [ip-changer] MAC -> rotating
2026-02-19 10:00:35,604 - [ip-changer] Setting IP to 5.5.5.5
2026-02-19 10:00:35,665 - [ip-changer] IP set to: 5.5.5.5
2026-02-19 10:00:35,668 - [ip-changer] Cycle complete
2026-02-19 10:03:35,671 - [ip-changer] Cycle start
2026-02-19 10:03:35,675 - [ip-changer] Phrase -> compiling_patience
2026-02-19 10:03:35,679 - [ip-changer] Interface -> wlx54077d9bb62b
2026-02-19 10:03:35,770 - [ip-changer] Hostname -> compiling_patience
2026-02-19 10:03:35,789 - [ip-changer] MAC -> rotating
2026-02-19 10:03:35,972 - [ip-changer] Setting IP to 5.5.5.5
2026-02-19 10:03:36,017 - [ip-changer] IP set to: 5.5.5.5
2026-02-19 10:03:36,022 - [ip-changer] Cycle complete
2026-02-19 10:06:36,026 - [ip-changer] Cycle start
2026-02-19 10:06:36,065 - [ip-changer] Phrase -> decoding_horizon
2026-02-19 10:06:36,069 - [ip-changer] Interface -> wlx54077d9bb62b
2026-02-19 10:06:36,152 - [ip-changer] Hostname -> decoding_horizon
2026-02-19 10:06:36,177 - [ip-changer] MAC -> rotating
2026-02-19 10:06:36,353 - [ip-changer] Setting IP to 9.9.9.9
2026-02-19 10:06:36,403 - [ip-changer] IP set to: 9.9.9.9
2026-02-19 10:06:36,406 - [ip-changer] Cycle complete
2026-02-19 10:16:01,609 - [ip-changer] Cycle start
2026-02-19 10:16:01,630 - [ip-changer] Phrase -> entropy_at_the_limit
2026-02-19 10:16:01,634 - [ip-changer] Interface -> wlx54077d9bb62b
2026-02-19 10:16:01,650 - [ip-changer] Hostname -> entropy_at_the_limit
2026-02-19 10:16:01,653 - [ip-changer] MAC -> rotating
2026-02-19 10:16:01,805 - [ip-changer] Setting IP to 6.6.6.6
2026-02-19 10:16:01,880 - [ip-changer] IP set to: 6.6.6.6
2026-02-19 10:16:01,882 - [ip-changer] Cycle complete
2026-02-19 10:19:01,884 - [ip-changer] Cycle start
2026-02-19 10:19:01,903 - [ip-changer] Phrase -> maybe_secure
2026-02-19 10:19:01,907 - [ip-changer] Interface -> wlx54077d9bb62b
2026-02-19 10:19:01,980 - [ip-changer] Hostname -> maybe_secure
2026-02-19 10:19:02,012 - [ip-changer] MAC -> rotating
2026-02-19 10:19:02,159 - [ip-changer] Setting IP to 9.9.9.9
2026-02-19 10:19:02,179 - [ip-changer] IP set to: 9.9.9.9
2026-02-19 10:19:02,182 - [ip-changer] Cycle complete
2026-02-19 10:22:02,184 - [ip-changer] Cycle start
2026-02-19 10:22:02,186 - [ip-changer] Phrase -> network_nomad
2026-02-19 10:22:02,190 - [ip-changer] Interface -> wlx54077d9bb62b
2026-02-19 10:22:02,259 - [ip-changer] Hostname -> network_nomad
2026-02-19 10:22:02,296 - [ip-changer] MAC -> rotating
2026-02-19 10:22:02,440 - [ip-changer] Setting IP to 1.1.1.1
2026-02-19 10:22:02,463 - [ip-changer] IP set to: 1.1.1.1
2026-02-19 10:22:02,465 - [ip-changer] Cycle complete
2026-02-19 10:25:02,468 - [ip-changer] Cycle start
2026-02-19 10:25:02,471 - [ip-changer] Phrase -> machine_go_brrr
2026-02-19 10:25:02,475 - [ip-changer] Interface -> wlx54077d9bb62b
2026-02-19 10:25:02,549 - [ip-changer] Hostname -> machine_go_brrr
2026-02-19 10:25:02,581 - [ip-changer] MAC -> rotating
2026-02-19 10:25:02,733 - [ip-changer] Setting IP to 6.6.6.6
2026-02-19 10:25:02,744 - [ip-changer] IP set to: 6.6.6.6
2026-02-19 10:25:02,746 - [ip-changer] Cycle complete
2026-02-19 10:28:02,749 - [ip-changer] Cycle start
2026-02-19 10:28:02,752 - [ip-changer] Phrase -> maybe_secure
2026-02-19 10:28:02,757 - [ip-changer] Interface -> wlx54077d9bb62b
2026-02-19 10:28:02,826 - [ip-changer] Hostname -> maybe_secure
2026-02-19 10:28:02,864 - [ip-changer] MAC -> rotating
2026-02-19 10:28:03,042 - [ip-changer] Setting IP to 9.9.9.9
2026-02-19 10:28:03,081 - [ip-changer] IP set to: 9.9.9.9
2026-02-19 10:28:03,084 - [ip-changer] Cycle complete
2026-02-19 10:31:03,088 - [ip-changer] Cycle start
2026-02-19 10:31:03,094 - [ip-changer] Phrase -> try_a_different_one
2026-02-19 10:31:03,099 - [ip-changer] Interface -> wlx54077d9bb62b
2026-02-19 10:31:03,170 - [ip-changer] Hostname -> try_a_different_one
2026-02-19 10:31:03,206 - [ip-changer] MAC -> rotating
2026-02-19 10:31:03,393 - [ip-changer] Setting IP to 9.9.9.9
2026-02-19 10:31:03,432 - [ip-changer] IP set to: 9.9.9.9
2026-02-19 10:31:03,436 - [ip-changer] Cycle complete
2026-02-19 10:34:03,439 - [ip-changer] Cycle start
2026-02-19 10:34:03,444 - [ip-changer] Phrase -> debugging_life_now
2026-02-19 10:34:03,450 - [ip-changer] Interface -> wlx54077d9bb62b
2026-02-19 10:34:03,526 - [ip-changer] Hostname -> debugging_life_now
2026-02-19 10:34:03,557 - [ip-changer] MAC -> rotating
2026-02-19 10:34:03,719 - [ip-changer] Setting IP to 9.9.9.9
2026-02-19 10:34:03,783 - [ip-changer] IP set to: 9.9.9.9
2026-02-19 10:34:03,786 - [ip-changer] Cycle complete
2026-02-19 10:37:03,790 - [ip-changer] Cycle start
2026-02-19 10:37:03,795 - [ip-changer] Phrase -> no_signal_for_you
2026-02-19 10:37:03,801 - [ip-changer] Interface -> wlx54077d9bb62b
2026-02-19 10:37:03,876 - [ip-changer] Hostname -> no_signal_for_you
2026-02-19 10:37:03,910 - [ip-changer] MAC -> rotating
2026-02-19 10:37:04,070 - [ip-changer] Setting IP to 9.9.9.9
2026-02-19 10:37:04,132 - [ip-changer] IP set to: 9.9.9.9
2026-02-19 10:37:04,136 - [ip-changer] Cycle complete
2026-02-19 10:40:04,140 - [ip-changer] Cycle start
2026-02-19 10:40:04,145 - [ip-changer] Phrase -> banana_driven_os
2026-02-19 10:40:04,150 - [ip-changer] Interface -> wlx54077d9bb62b
2026-02-19 10:40:04,219 - [ip-changer] Hostname -> banana_driven_os
2026-02-19 10:40:04,258 - [ip-changer] MAC -> rotating
2026-02-19 10:40:04,471 - [ip-changer] Setting IP to 1.1.1.1
2026-02-19 10:40:04,490 - [ip-changer] IP set to: 1.1.1.1
2026-02-19 10:40:04,494 - [ip-changer] Cycle complete
2026-02-19 10:43:04,497 - [ip-changer] Cycle start
2026-02-19 10:43:04,501 - [ip-changer] Phrase -> security_through_ambiguity
2026-02-19 10:43:04,506 - [ip-changer] Interface -> wlx54077d9bb62b
2026-02-19 10:43:04,582 - [ip-changer] Hostname -> security_through_ambiguity
2026-02-19 10:43:04,615 - [ip-changer] MAC -> rotating
2026-02-19 10:43:04,846 - [ip-changer] Setting IP to 9.9.9.9
2026-02-19 10:43:04,863 - [ip-changer] IP set to: 9.9.9.9
2026-02-19 10:43:04,867 - [ip-changer] Cycle complete
2026-02-19 10:46:04,871 - [ip-changer] Cycle start
2026-02-19 10:46:04,876 - [ip-changer] Phrase -> this_isnt_linux
2026-02-19 10:46:04,882 - [ip-changer] Interface -> wlx54077d9bb62b
2026-02-19 10:46:04,957 - [ip-changer] Hostname -> this_isnt_linux
2026-02-19 10:46:04,991 - [ip-changer] MAC -> rotating
2026-02-19 10:46:05,197 - [ip-changer] Setting IP to 1.1.1.1
2026-02-19 10:46:05,220 - [ip-changer] IP set to: 1.1.1.1
2026-02-19 10:46:05,223 - [ip-changer] Cycle complete
